0 info it worked if it ends with ok
1 verbose cli [ 'C:\\Program Files\\nodejs\\node.exe',
1 verbose cli   'C:\\Users\\workS\\AppData\\Roaming\\npm\\node_modules\\npm\\bin\\npm-cli.js',
1 verbose cli   'view' ]
2 info using npm@3.10.5
3 info using node@v4.4.7
4 silly mapToRegistry name how-to-npm
5 silly mapToRegistry using default registry
6 silly mapToRegistry registry http://localhost:15443/
7 silly mapToRegistry data Result {
7 silly mapToRegistry   raw: 'how-to-npm',
7 silly mapToRegistry   scope: null,
7 silly mapToRegistry   escapedName: 'how-to-npm',
7 silly mapToRegistry   name: 'how-to-npm',
7 silly mapToRegistry   rawSpec: '',
7 silly mapToRegistry   spec: 'latest',
7 silly mapToRegistry   type: 'tag' }
8 silly mapToRegistry uri http://localhost:15443/how-to-npm
9 verbose request uri http://localhost:15443/how-to-npm
10 verbose request no auth needed
11 info attempt registry request try #1 at 08:49:08
12 verbose request id ab3267d113b87255
13 http request GET http://localhost:15443/how-to-npm
14 info retry will retry, error on last attempt: Error: connect ECONNREFUSED 127.0.0.1:15443
15 info attempt registry request try #2 at 08:49:19
16 http request GET http://localhost:15443/how-to-npm
17 info retry will retry, error on last attempt: Error: connect ECONNREFUSED 127.0.0.1:15443
18 info attempt registry request try #3 at 08:50:20
19 http request GET http://localhost:15443/how-to-npm
20 verbose stack Error: connect ECONNREFUSED 127.0.0.1:15443
20 verbose stack     at Object.exports._errnoException (util.js:873:11)
20 verbose stack     at exports._exceptionWithHostPort (util.js:896:20)
20 verbose stack     at TCPConnectWrap.afterConnect [as oncomplete] (net.js:1077:14)
21 verbose cwd C:\Users\workS\Desktop\work\study\how-to-npm
22 error Windows_NT 6.1.7601
23 error argv "C:\\Program Files\\nodejs\\node.exe" "C:\\Users\\workS\\AppData\\Roaming\\npm\\node_modules\\npm\\bin\\npm-cli.js" "view"
24 error node v4.4.7
25 error npm  v3.10.5
26 error code ECONNREFUSED
27 error errno ECONNREFUSED
28 error syscall connect
29 error Error: connect ECONNREFUSED 127.0.0.1:15443
29 error     at Object.exports._errnoException (util.js:873:11)
29 error     at exports._exceptionWithHostPort (util.js:896:20)
29 error     at TCPConnectWrap.afterConnect [as oncomplete] (net.js:1077:14)
29 error  { [Error: connect ECONNREFUSED 127.0.0.1:15443]
29 error   code: 'ECONNREFUSED',
29 error   errno: 'ECONNREFUSED',
29 error   syscall: 'connect',
29 error   address: '127.0.0.1',
29 error   port: 15443 }
30 error If you are behind a proxy, please make sure that the
30 error 'proxy' config is set properly.  See: 'npm help config'
31 verbose exit [ 1, true ]
